<?xml version="1.0" encoding="UTF-8"?>
<testsuite name="org.example.MetodosArraysTest" tests="2" skipped="0" failures="0" errors="0" timestamp="2024-03-01T11:19:52" hostname="info2-46" time="0.018">
  <properties/>
  <testcase name="sumarArray()" classname="org.example.MetodosArraysTest" time="0.015"/>
  <testcase name="contieneElemento()" classname="org.example.MetodosArraysTest" time="0.002"/>
  <system-out><![CDATA[]]></system-out>
  <system-err><![CDATA[]]></system-err>
</testsuite>
